\BOOKMARK [0][-]{section*.2}{摘 要}{}% 1
\BOOKMARK [0][-]{section*.4}{Abstract}{}% 2
\BOOKMARK [0][-]{section*.5}{目 录}{}% 3
\BOOKMARK [0][-]{section*.7}{图形列表}{}% 4
\BOOKMARK [0][-]{section*.9}{表格列表}{}% 5
\BOOKMARK [0][-]{chapter.1}{第1章  引言}{}% 6
\BOOKMARK [1][-]{section.1.1}{1.1 背景及意义}{chapter.1}% 7
\BOOKMARK [2][-]{subsection.1.1.1}{1.1.1 乳腺分型}{section.1.1}% 8
\BOOKMARK [2][-]{subsection.1.1.2}{1.1.2 乳腺癌及乳腺钼靶}{section.1.1}% 9
\BOOKMARK [2][-]{subsection.1.1.3}{1.1.3 基于乳腺钼靶诊断的难点}{section.1.1}% 10
\BOOKMARK [1][-]{section.1.2}{1.2 研究现状}{chapter.1}% 11
\BOOKMARK [2][-]{subsection.1.2.1}{1.2.1 乳腺影像学计算机辅助诊断方法}{section.1.2}% 12
\BOOKMARK [2][-]{subsection.1.2.2}{1.2.2 深度学习技术的发展}{section.1.2}% 13
\BOOKMARK [2][-]{subsection.1.2.3}{1.2.3 深度学习在乳腺乳腺上的发展}{section.1.2}% 14
\BOOKMARK [2][-]{subsection.1.2.4}{1.2.4 存在的问题及解决方案}{section.1.2}% 15
\BOOKMARK [1][-]{section.1.3}{1.3 主要研究内容}{chapter.1}% 16
\BOOKMARK [2][-]{subsection.1.3.1}{1.3.1 需求分析，确定评判标准}{section.1.3}% 17
\BOOKMARK [2][-]{subsection.1.3.2}{1.3.2 实现基于深度学习的乳腺钼靶分类模型}{section.1.3}% 18
\BOOKMARK [2][-]{subsection.1.3.3}{1.3.3 设计全新损失函数，改进并设计全新分类检测模型}{section.1.3}% 19
\BOOKMARK [2][-]{subsection.1.3.4}{1.3.4 编程实现，完成不同模型之间的对比分析}{section.1.3}% 20
\BOOKMARK [1][-]{section.1.4}{1.4 本文结构及内容提要}{chapter.1}% 21
\BOOKMARK [0][-]{chapter.2}{第2章  深度学习相关技术}{}% 22
\BOOKMARK [1][-]{section.2.1}{2.1 卷积神经网络}{chapter.2}% 23
\BOOKMARK [1][-]{section.2.2}{2.2 物体检测模型}{chapter.2}% 24
\BOOKMARK [2][-]{subsection.2.2.1}{2.2.1 两阶段物体检测模型}{section.2.2}% 25
\BOOKMARK [2][-]{subsection.2.2.2}{2.2.2 单阶段物体检测模型}{section.2.2}% 26
\BOOKMARK [1][-]{section.2.3}{2.3 迁移学习}{chapter.2}% 27
\BOOKMARK [1][-]{section.2.4}{2.4 弱监督学习}{chapter.2}% 28
\BOOKMARK [1][-]{section.2.5}{2.5 度量学习}{chapter.2}% 29
\BOOKMARK [1][-]{section.2.6}{2.6 本章小结}{chapter.2}% 30
\BOOKMARK [0][-]{chapter.3}{第3章  数据分析与处理}{}% 31
\BOOKMARK [1][-]{section.3.1}{3.1 数据分析}{chapter.3}% 32
\BOOKMARK [2][-]{subsection.3.1.1}{3.1.1 医学数据分析}{section.3.1}% 33
\BOOKMARK [2][-]{subsection.3.1.2}{3.1.2 乳腺钼靶数据分析}{section.3.1}% 34
\BOOKMARK [1][-]{section.3.2}{3.2 数据处理}{chapter.3}% 35
\BOOKMARK [2][-]{subsection.3.2.1}{3.2.1 数据预处理}{section.3.2}% 36
\BOOKMARK [2][-]{subsection.3.2.2}{3.2.2 数据集划分}{section.3.2}% 37
\BOOKMARK [1][-]{section.3.3}{3.3 标准制定}{chapter.3}% 38
\BOOKMARK [2][-]{subsection.3.3.1}{3.3.1 数据定义}{section.3.3}% 39
\BOOKMARK [2][-]{subsection.3.3.2}{3.3.2 基于病例}{section.3.3}% 40
\BOOKMARK [2][-]{subsection.3.3.3}{3.3.3 基于图片}{section.3.3}% 41
\BOOKMARK [1][-]{section.3.4}{3.4 本章小结}{chapter.3}% 42
\BOOKMARK [0][-]{chapter.4}{第4章  两阶段乳腺钼靶分类检测模型weakFaster R-CNN}{}% 43
\BOOKMARK [1][-]{section.4.1}{4.1 目的}{chapter.4}% 44
\BOOKMARK [1][-]{section.4.2}{4.2 模型图}{chapter.4}% 45
\BOOKMARK [1][-]{section.4.3}{4.3 训练过程与细节}{chapter.4}% 46
\BOOKMARK [2][-]{subsection.4.3.1}{4.3.1 训练步骤}{section.4.3}% 47
\BOOKMARK [2][-]{subsection.4.3.2}{4.3.2 第一阶段}{section.4.3}% 48
\BOOKMARK [2][-]{subsection.4.3.3}{4.3.3 第二阶段}{section.4.3}% 49
\BOOKMARK [1][-]{section.4.4}{4.4 结果讨论与分析}{chapter.4}% 50
\BOOKMARK [2][-]{subsection.4.4.1}{4.4.1 基于病例}{section.4.4}% 51
\BOOKMARK [2][-]{subsection.4.4.2}{4.4.2 基于图片}{section.4.4}% 52
\BOOKMARK [1][-]{section.4.5}{4.5 本章小结}{chapter.4}% 53
\BOOKMARK [0][-]{chapter.5}{第5章  一阶段乳腺钼靶分类检测模型simFaster R-CNN}{}% 54
\BOOKMARK [1][-]{section.5.1}{5.1 目的}{chapter.5}% 55
\BOOKMARK [1][-]{section.5.2}{5.2 模型图}{chapter.5}% 56
\BOOKMARK [1][-]{section.5.3}{5.3\040Top\040likelihood\040loss}{chapter.5}% 57
\BOOKMARK [1][-]{section.5.4}{5.4\040Similarity\040loss}{chapter.5}% 58
\BOOKMARK [1][-]{section.5.5}{5.5 训练过程与细节}{chapter.5}% 59
\BOOKMARK [1][-]{section.5.6}{5.6 结果讨论与分析}{chapter.5}% 60
\BOOKMARK [2][-]{subsection.5.6.1}{5.6.1 基于病例}{section.5.6}% 61
\BOOKMARK [2][-]{subsection.5.6.2}{5.6.2 基于图片}{section.5.6}% 62
\BOOKMARK [2][-]{subsection.5.6.3}{5.6.3 可视化预测结果}{section.5.6}% 63
\BOOKMARK [1][-]{section.5.7}{5.7 其他工作}{chapter.5}% 64
\BOOKMARK [2][-]{subsection.5.7.1}{5.7.1 更换主干网络}{section.5.7}% 65
\BOOKMARK [2][-]{subsection.5.7.2}{5.7.2 更换similarity loss}{section.5.7}% 66
\BOOKMARK [2][-]{subsection.5.7.3}{5.7.3 更换权重因子}{section.5.7}% 67
\BOOKMARK [2][-]{subsection.5.7.4}{5.7.4 添加模块}{section.5.7}% 68
\BOOKMARK [2][-]{subsection.5.7.5}{5.7.5 更换数据集}{section.5.7}% 69
\BOOKMARK [1][-]{section.5.8}{5.8 本章小结}{chapter.5}% 70
\BOOKMARK [0][-]{chapter.6}{第6章  总结与展望}{}% 71
\BOOKMARK [1][-]{section.6.1}{6.1 总结}{chapter.6}% 72
\BOOKMARK [1][-]{section.6.2}{6.2 展望}{chapter.6}% 73
\BOOKMARK [0][-]{section*.66}{参考文献}{}% 74
\BOOKMARK [0][-]{appendix*.68}{作者简历及攻读学位期间发表的学术论文与研究成果}{}% 75
\BOOKMARK [1][-]{subsection.Alph0.0.1}{.0.1 参加的研究项目}{appendix*.68}% 76
\BOOKMARK [2][-]{subsection.Alph0.0.2}{.0.2 获奖情况}{subsection.Alph0.0.1}% 77
